

proxy-435.dialup.xtra.co.nz - - [22/Apr/2009:00:52:51 +1200] "GET /images/photos/455.jpg HTTP/1.1" 200 986 "-" "Mozilla/5.0 (Macintosh; U; Intel Mac OS X 10_4_11; en) AppleWebKit/525.13 (KHTML, like Gecko) Version/3.1 Safari/525.13" "-"
proxy-435.dialup.xtra.co.nz - - [22/Apr/2009:00:52:51 +1200] "GET /images/nav/tab_left_middle.gif HTTP/1.1" 200 1020 "-" "Mozilla/5.0 (Macintosh; U; Intel Mac OS X 10_4_11; en) AppleWebKit/525.13 (KHTML, like Gecko) Version/3.1 Safari/525.13" "-"
dyn-530.optus.com.au - - [22/Apr/2009:00:52:51 +1200] "GET /images/photos/5332.jpg HTTP/1.1" 200 244 "-" "Mozilla/4.0 (compatible; MSIE 7.0; Windows NT 5.1; .NET CLR 1.1.4322)" "-"
dhcp-465.telstra.com.au - - [22/Apr/2009:00:52:51 +1200] "GET /gallery.php?section=entertainment HTTP/1.0" 200 58636 "-" "Mozilla/5.0 (Macintosh; U; Intel Mac OS X 10_4_11; en) AppleWebKit/525.13 (KHTML, like Gecko) Version/3.1 Safari/525.13" "-"
proxy-435.dialup.xtra.co.nz - - [22/Apr/2009:00:52:51 +1200] "GET /adclick.php?c=LME2 HTTP/1.1" 302 378 "-" "Mozilla/5.0 (Macintosh; U; Intel Mac OS X 10_4_11; en) AppleWebKit/525.13 (KHTML, like Gecko) Version/3.1 Safari/525.13" "-"
proxy-435.dialup.xtra.co.nz - - [22/Apr/2009:00:52:51 +1200] "GET /images/ad/RH4Y.jpeg HTTP/1.1" 200 1031 "-" "Mozilla/5.0 (Macintosh; U; Intel Mac OS X 10_4_11; en) AppleWebKit/525.13 (KHTML, like Gecko) Version/3.1 Safari/525.13" "-"

proxy-435.dialup.xtra.co.nz - - [22/Apr/2009:01:52:51 +1200] "GET /images/photos/455.jpg HTTP/1.1" 200 986 "-" "Mozilla/5.0 (Macintosh; U; Intel Mac OS X 10_4_11; en) AppleWebKit/525.13 (KHTML, like Gecko) Version/3.1 Safari/525.13" "-"
proxy-435.dialup.xtra.co.nz - - [22/Apr/2009:01:52:51 +1200] "GET /images/nav/tab_left_middle.gif HTTP/1.1" 200 1020 "-" "Mozilla/5.0 (Macintosh; U; Intel Mac OS X 10_4_11; en) AppleWebKit/525.13 (KHTML, like Gecko) Version/3.1 Safari/525.13" "-"
dyn-530.optus.com.au - - [22/Apr/2009:01:52:51 +1200] "GET /images/photos/5332.jpg HTTP/1.1" 200 244 "-" "Mozilla/4.0 (compatible; MSIE 7.0; Windows NT 5.1; .NET CLR 1.1.4322)" "-"
dhcp-465.telstra.com.au - - [22/Apr/2009:01:52:51 +1200] "GET /gallery.php?section=entertainment HTTP/1.0" 200 58636 "-" "Mozilla/5.0 (Macintosh; U; Intel Mac OS X 10_4_11; en) AppleWebKit/525.13 (KHTML, like Gecko) Version/3.1 Safari/525.13" "-"
proxy-435.dialup.xtra.co.nz - - [22/Apr/2009:01:52:51 +1200] "GET /adclick.php?c=LME2 HTTP/1.1" 302 378 "-" "Mozilla/5.0 (Macintosh; U; Intel Mac OS X 10_4_11; en) AppleWebKit/525.13 (KHTML, like Gecko) Version/3.1 Safari/525.13" "-"
proxy-435.dialup.xtra.co.nz - - [22/Apr/2009:01:52:51 +1200] "GET /images/ad/RH4Y.jpeg HTTP/1.1" 200 1031 "-" "Mozilla/5.0 (Macintosh; U; Intel Mac OS X 10_4_11; en) AppleWebKit/525.13 (KHTML, like Gecko) Version/3.1 Safari/525.13" "-"

proxy-435.dialup.xtra.co.nz - - [22/Apr/2009:02:52:51 +1200] "GET /images/photos/455.jpg HTTP/1.1" 200 986 "-" "Mozilla/5.0 (Macintosh; U; Intel Mac OS X 10_4_11; en) AppleWebKit/525.13 (KHTML, like Gecko) Version/3.1 Safari/525.13" "-"
proxy-435.dialup.xtra.co.nz - - [22/Apr/2009:02:52:51 +1200] "GET /images/nav/tab_left_middle.gif HTTP/1.1" 200 1020 "-" "Mozilla/5.0 (Macintosh; U; Intel Mac OS X 10_4_11; en) AppleWebKit/525.13 (KHTML, like Gecko) Version/3.1 Safari/525.13" "-"
dyn-530.optus.com.au - - [22/Apr/2009:02:52:51 +1200] "GET /images/photos/5332.jpg HTTP/1.1" 200 244 "-" "Mozilla/4.0 (compatible; MSIE 7.0; Windows NT 5.1; .NET CLR 1.1.4322)" "-"


proxy-435.dialup.xtra.co.nz - - [22/Apr/2009:03:52:51 +1200] "GET /images/photos/455.jpg HTTP/1.1" 200 986 "-" "Mozilla/5.0 (Macintosh; U; Intel Mac OS X 10_4_11; en) AppleWebKit/525.13 (KHTML, like Gecko) Version/3.1 Safari/525.13" "-"
proxy-435.dialup.xtra.co.nz - - [22/Apr/2009:03:52:51 +1200] "GET /images/nav/tab_left_middle.gif HTTP/1.1" 200 1020 "-" "Mozilla/5.0 (Macintosh; U; Intel Mac OS X 10_4_11; en) AppleWebKit/525.13 (KHTML, like Gecko) Version/3.1 Safari/525.13" "-"
dyn-530.optus.com.au - - [22/Apr/2009:03:52:51 +1200] "GET /images/photos/5332.jpg HTTP/1.1" 200 244 "-" "Mozilla/4.0 (compatible; MSIE 7.0; Windows NT 5.1; .NET CLR 1.1.4322)" "-"
proxy-435.dialup.xtra.co.nz - - [22/Apr/2009:03:52:51 +1200] "GET /images/photos/455.jpg HTTP/1.1" 200 986 "-" "Mozilla/5.0 (Macintosh; U; Intel Mac OS X 10_4_11; en) AppleWebKit/525.13 (KHTML, like Gecko) Version/3.1 Safari/525.13" "-"
proxy-435.dialup.xtra.co.nz - - [22/Apr/2009:03:52:51 +1200] "GET /images/nav/tab_left_middle.gif HTTP/1.1" 200 1020 "-" "Mozilla/5.0 (Macintosh; U; Intel Mac OS X 10_4_11; en) AppleWebKit/525.13 (KHTML, like Gecko) Version/3.1 Safari/525.13" "-"
dyn-530.optus.com.au - - [22/Apr/2009:03:52:51 +1200] "GET /images/photos/5332.jpg HTTP/1.1" 200 244 "-" "Mozilla/4.0 (compatible; MSIE 7.0; Windows NT 5.1; .NET CLR 1.1.4322)" "-"

proxy-435.dialup.xtra.co.nz - - [22/Apr/2009:04:52:51 +1200] "GET /images/photos/455.jpg HTTP/1.1" 200 986 "-" "Mozilla/5.0 (Macintosh; U; Intel Mac OS X 10_4_11; en) AppleWebKit/525.13 (KHTML, like Gecko) Version/3.1 Safari/525.13" "-"
proxy-435.dialup.xtra.co.nz - - [22/Apr/2009:04:52:51 +1200] "GET /images/nav/tab_left_middle.gif HTTP/1.1" 200 1020 "-" "Mozilla/5.0 (Macintosh; U; Intel Mac OS X 10_4_11; en) AppleWebKit/525.13 (KHTML, like Gecko) Version/3.1 Safari/5
proxy-435.dialup.xtra.co.nz - - [22/Apr/2009:04:52:51 +1200] "GET /images/photos/455.jpg HTTP/1.1" 200 986 "-" "Mozilla/5.0 (Macintosh; U; Intel Mac OS X 10_4_11; en) AppleWebKit/525.13 (KHTML, like Gecko) Version/3.1 Safari/525.13" "-"

proxy-435.dialup.xtra.co.nz - - [22/Apr/2009:05:52:51 +1200] "GET /images/photos/455.jpg HTTP/1.1" 200 986 "-" "Mozilla/5.0 (Macintosh; U; Intel Mac OS X 10_4_11; en) AppleWebKit/525.13 (KHTML, like Gecko) Version/3.1 Safari/525.13" "-"
proxy-435.dialup.xtra.co.nz - - [22/Apr/2009:05:52:51 +1200] "GET /images/nav/tab_left_middle.gif HTTP/1.1" 200 1020 "-" "Mozilla/5.0 (Macintosh; U; Intel Mac OS X 10_4_11; en) AppleWebKit/525.13 (KHTML, like Gecko) Version/3.1 Safari/5

proxy-435.dialup.xtra.co.nz - - [22/Apr/2009:06:52:51 +1200] "GET /images/nav/tab_left_middle.gif HTTP/1.1" 200 1020 "-" "Mozilla/5.0 (Macintosh; U; Intel Mac OS X 10_4_11; en) AppleWebKit/525.13 (KHTML, like Gecko) Version/3.1 Safari/5
proxy-435.dialup.xtra.co.nz - - [22/Apr/2009:06:52:51 +1200] "GET /images/nav/tab_left_middle.gif HTTP/1.1" 200 1020 "-" "Mozilla/5.0 (Macintosh; U; Intel Mac OS X 10_4_11; en) AppleWebKit/525.13 (KHTML, like Gecko) Version/3.1 Safari/5
proxy-435.dialup.xtra.co.nz - - [22/Apr/2009:06:52:51 +1200] "GET /images/nav/tab_left_middle.gif HTTP/1.1" 200 1020 "-" "Mozilla/5.0 (Macintosh; U; Intel Mac OS X 10_4_11; en) AppleWebKit/525.13 (KHTML, like Gecko) Version/3.1 Safari/5
proxy-435.dialup.xtra.co.nz - - [22/Apr/2009:06:52:51 +1200] "GET /images/nav/tab_left_middle.gif HTTP/1.1" 200 1020 "-" "Mozilla/5.0 (Macintosh; U; Intel Mac OS X 10_4_11; en) AppleWebKit/525.13 (KHTML, like Gecko) Version/3.1 Safari/5
proxy-435.dialup.xtra.co.nz - - [22/Apr/2009:06:52:51 +1200] "GET /images/nav/tab_left_middle.gif HTTP/1.1" 200 1020 "-" "Mozilla/5.0 (Macintosh; U; Intel Mac OS X 10_4_11; en) AppleWebKit/525.13 (KHTML, like Gecko) Version/3.1 Safari/5

proxy-435.dialup.xtra.co.nz - - [22/Apr/2009:07:52:51 +1200] "GET /images/nav/tab_left_middle.gif HTTP/1.1" 200 1020 "-" "Mozilla/5.0 (Macintosh; U; Intel Mac OS X 10_4_11; en) AppleWebKit/525.13 (KHTML, like Gecko) Version/3.1 Safari/5
proxy-435.dialup.xtra.co.nz - - [22/Apr/2009:07:52:51 +1200] "GET /images/nav/tab_left_middle.gif HTTP/1.1" 200 1020 "-" "Mozilla/5.0 (Macintosh; U; Intel Mac OS X 10_4_11; en) AppleWebKit/525.13 (KHTML, like Gecko) Version/3.1 Safari/5
proxy-435.dialup.xtra.co.nz - - [22/Apr/2009:07:52:51 +1200] "GET /images/nav/tab_left_middle.gif HTTP/1.1" 200 1020 "-" "Mozilla/5.0 (Macintosh; U; Intel Mac OS X 10_4_11; en) AppleWebKit/525.13 (KHTML, like Gecko) Version/3.1 Safari/5
proxy-435.dialup.xtra.co.nz - - [22/Apr/2009:07:52:51 +1200] "GET /images/nav/tab_left_middle.gif HTTP/1.1" 200 1020 "-" "Mozilla/5.0 (Macintosh; U; Intel Mac OS X 10_4_11; en) AppleWebKit/525.13 (KHTML, like Gecko) Version/3.1 Safari/5
proxy-435.dialup.xtra.co.nz - - [22/Apr/2009:07:52:51 +1200] "GET /images/nav/tab_left_middle.gif HTTP/1.1" 200 1020 "-" "Mozilla/5.0 (Macintosh; U; Intel Mac OS X 10_4_11; en) AppleWebKit/525.13 (KHTML, like Gecko) Version/3.1 Safari/5
proxy-435.dialup.xtra.co.nz - - [22/Apr/2009:07:52:51 +1200] "GET /images/nav/tab_left_middle.gif HTTP/1.1" 200 1020 "-" "Mozilla/5.0 (Macintosh; U; Intel Mac OS X 10_4_11; en) AppleWebKit/525.13 (KHTML, like Gecko) Version/3.1 Safari/5
proxy-435.dialup.xtra.co.nz - - [22/Apr/2009:07:52:51 +1200] "GET /images/nav/tab_left_middle.gif HTTP/1.1" 200 1020 "-" "Mozilla/5.0 (Macintosh; U; Intel Mac OS X 10_4_11; en) AppleWebKit/525.13 (KHTML, like Gecko) Version/3.1 Safari/5

proxy-435.dialup.xtra.co.nz - - [22/Apr/2009:08:52:51 +1200] "GET /images/nav/tab_left_middle.gif HTTP/1.1" 200 1020 "-" "Mozilla/5.0 (Macintosh; U; Intel Mac OS X 10_4_11; en) AppleWebKit/525.13 (KHTML, like Gecko) Version/3.1 Safari/5
proxy-435.dialup.xtra.co.nz - - [22/Apr/2009:08:52:51 +1200] "GET /images/nav/tab_left_middle.gif HTTP/1.1" 200 1020 "-" "Mozilla/5.0 (Macintosh; U; Intel Mac OS X 10_4_11; en) AppleWebKit/525.13 (KHTML, like Gecko) Version/3.1 Safari/5
proxy-435.dialup.xtra.co.nz - - [22/Apr/2009:08:52:51 +1200] "GET /images/nav/tab_left_middle.gif HTTP/1.1" 200 1020 "-" "Mozilla/5.0 (Macintosh; U; Intel Mac OS X 10_4_11; en) AppleWebKit/525.13 (KHTML, like Gecko) Version/3.1 Safari/5
proxy-435.dialup.xtra.co.nz - - [22/Apr/2009:08:52:51 +1200] "GET /images/nav/tab_left_middle.gif HTTP/1.1" 200 1020 "-" "Mozilla/5.0 (Macintosh; U; Intel Mac OS X 10_4_11; en) AppleWebKit/525.13 (KHTML, like Gecko) Version/3.1 Safari/5
proxy-435.dialup.xtra.co.nz - - [22/Apr/2009:08:52:51 +1200] "GET /images/nav/tab_left_middle.gif HTTP/1.1" 200 1020 "-" "Mozilla/5.0 (Macintosh; U; Intel Mac OS X 10_4_11; en) AppleWebKit/525.13 (KHTML, like Gecko) Version/3.1 Safari/5
proxy-435.dialup.xtra.co.nz - - [22/Apr/2009:08:52:51 +1200] "GET /images/nav/tab_left_middle.gif HTTP/1.1" 200 1020 "-" "Mozilla/5.0 (Macintosh; U; Intel Mac OS X 10_4_11; en) AppleWebKit/525.13 (KHTML, like Gecko) Version/3.1 Safari/5
proxy-435.dialup.xtra.co.nz - - [22/Apr/2009:08:52:51 +1200] "GET /images/nav/tab_left_middle.gif HTTP/1.1" 200 1020 "-" "Mozilla/5.0 (Macintosh; U; Intel Mac OS X 10_4_11; en) AppleWebKit/525.13 (KHTML, like Gecko) Version/3.1 Safari/5
proxy-435.dialup.xtra.co.nz - - [22/Apr/2009:08:52:51 +1200] "GET /images/nav/tab_left_middle.gif HTTP/1.1" 200 1020 "-" "Mozilla/5.0 (Macintosh; U; Intel Mac OS X 10_4_11; en) AppleWebKit/525.13 (KHTML, like Gecko) Version/3.1 Safari/5
proxy-435.dialup.xtra.co.nz - - [22/Apr/2009:08:52:51 +1200] "GET /images/nav/tab_left_middle.gif HTTP/1.1" 200 1020 "-" "Mozilla/5.0 (Macintosh; U; Intel Mac OS X 10_4_11; en) AppleWebKit/525.13 (KHTML, like Gecko) Version/3.1 Safari/5
proxy-435.dialup.xtra.co.nz - - [22/Apr/2009:08:52:51 +1200] "GET /images/nav/tab_left_middle.gif HTTP/1.1" 200 1020 "-" "Mozilla/5.0 (Macintosh; U; Intel Mac OS X 10_4_11; en) AppleWebKit/525.13 (KHTML, like Gecko) Version/3.1 Safari/5
proxy-435.dialup.xtra.co.nz - - [22/Apr/2009:08:52:51 +1200] "GET /images/nav/tab_left_middle.gif HTTP/1.1" 200 1020 "-" "Mozilla/5.0 (Macintosh; U; Intel Mac OS X 10_4_11; en) AppleWebKit/525.13 (KHTML, like Gecko) Version/3.1 Safari/5

proxy-435.dialup.xtra.co.nz - - [22/Apr/2009:09:52:51 +1200] "GET /images/nav/tab_left_middle.gif HTTP/1.1" 200 1020 "-" "Mozilla/5.0 (Macintosh; U; Intel Mac OS X 10_4_11; en) AppleWebKit/525.13 (KHTML, like Gecko) Version/3.1 Safari/5
proxy-435.dialup.xtra.co.nz - - [22/Apr/2009:09:52:51 +1200] "GET /images/nav/tab_left_middle.gif HTTP/1.1" 200 1020 "-" "Mozilla/5.0 (Macintosh; U; Intel Mac OS X 10_4_11; en) AppleWebKit/525.13 (KHTML, like Gecko) Version/3.1 Safari/5
proxy-435.dialup.xtra.co.nz - - [22/Apr/2009:09:52:51 +1200] "GET /images/nav/tab_left_middle.gif HTTP/1.1" 200 1020 "-" "Mozilla/5.0 (Macintosh; U; Intel Mac OS X 10_4_11; en) AppleWebKit/525.13 (KHTML, like Gecko) Version/3.1 Safari/5
proxy-435.dialup.xtra.co.nz - - [22/Apr/2009:09:52:51 +1200] "GET /images/nav/tab_left_middle.gif HTTP/1.1" 200 1020 "-" "Mozilla/5.0 (Macintosh; U; Intel Mac OS X 10_4_11; en) AppleWebKit/525.13 (KHTML, like Gecko) Version/3.1 Safari/5
proxy-435.dialup.xtra.co.nz - - [22/Apr/2009:09:52:51 +1200] "GET /images/nav/tab_left_middle.gif HTTP/1.1" 200 1020 "-" "Mozilla/5.0 (Macintosh; U; Intel Mac OS X 10_4_11; en) AppleWebKit/525.13 (KHTML, like Gecko) Version/3.1 Safari/5
proxy-435.dialup.xtra.co.nz - - [22/Apr/2009:09:52:51 +1200] "GET /images/nav/tab_left_middle.gif HTTP/1.1" 200 1020 "-" "Mozilla/5.0 (Macintosh; U; Intel Mac OS X 10_4_11; en) AppleWebKit/525.13 (KHTML, like Gecko) Version/3.1 Safari/5
proxy-435.dialup.xtra.co.nz - - [22/Apr/2009:09:52:51 +1200] "GET /images/nav/tab_left_middle.gif HTTP/1.1" 200 1020 "-" "Mozilla/5.0 (Macintosh; U; Intel Mac OS X 10_4_11; en) AppleWebKit/525.13 (KHTML, like Gecko) Version/3.1 Safari/5
proxy-435.dialup.xtra.co.nz - - [22/Apr/2009:09:52:51 +1200] "GET /images/nav/tab_left_middle.gif HTTP/1.1" 200 1020 "-" "Mozilla/5.0 (Macintosh; U; Intel Mac OS X 10_4_11; en) AppleWebKit/525.13 (KHTML, like Gecko) Version/3.1 Safari/5
proxy-435.dialup.xtra.co.nz - - [22/Apr/2009:09:52:51 +1200] "GET /images/nav/tab_left_middle.gif HTTP/1.1" 200 1020 "-" "Mozilla/5.0 (Macintosh; U; Intel Mac OS X 10_4_11; en) AppleWebKit/525.13 (KHTML, like Gecko) Version/3.1 Safari/5
proxy-435.dialup.xtra.co.nz - - [22/Apr/2009:09:52:51 +1200] "GET /images/nav/tab_left_middle.gif HTTP/1.1" 200 1020 "-" "Mozilla/5.0 (Macintosh; U; Intel Mac OS X 10_4_11; en) AppleWebKit/525.13 (KHTML, like Gecko) Version/3.1 Safari/5
proxy-435.dialup.xtra.co.nz - - [22/Apr/2009:09:52:51 +1200] "GET /images/nav/tab_left_middle.gif HTTP/1.1" 200 1020 "-" "Mozilla/5.0 (Macintosh; U; Intel Mac OS X 10_4_11; en) AppleWebKit/525.13 (KHTML, like Gecko) Version/3.1 Safari/5
proxy-435.dialup.xtra.co.nz - - [22/Apr/2009:09:52:51 +1200] "GET /images/nav/tab_left_middle.gif HTTP/1.1" 200 1020 "-" "Mozilla/5.0 (Macintosh; U; Intel Mac OS X 10_4_11; en) AppleWebKit/525.13 (KHTML, like Gecko) Version/3.1 Safari/5
proxy-435.dialup.xtra.co.nz - - [22/Apr/2009:09:52:51 +1200] "GET /images/nav/tab_left_middle.gif HTTP/1.1" 200 1020 "-" "Mozilla/5.0 (Macintosh; U; Intel Mac OS X 10_4_11; en) AppleWebKit/525.13 (KHTML, like Gecko) Version/3.1 Safari/5
proxy-435.dialup.xtra.co.nz - - [22/Apr/2009:09:52:51 +1200] "GET /images/nav/tab_left_middle.gif HTTP/1.1" 200 1020 "-" "Mozilla/5.0 (Macintosh; U; Intel Mac OS X 10_4_11; en) AppleWebKit/525.13 (KHTML, like Gecko) Version/3.1 Safari/5
proxy-435.dialup.xtra.co.nz - - [22/Apr/2009:09:52:51 +1200] "GET /images/nav/tab_left_middle.gif HTTP/1.1" 200 1020 "-" "Mozilla/5.0 (Macintosh; U; Intel Mac OS X 10_4_11; en) AppleWebKit/525.13 (KHTML, like Gecko) Version/3.1 Safari/5

proxy-435.dialup.xtra.co.nz - - [22/Apr/2009:10:52:51 +1200] "GET /images/nav/tab_left_middle.gif HTTP/1.1" 200 1020 "-" "Mozilla/5.0 (Macintosh; U; Intel Mac OS X 10_4_11; en) AppleWebKit/525.13 (KHTML, like Gecko) Version/3.1 Safari/5
proxy-435.dialup.xtra.co.nz - - [22/Apr/2009:10:52:51 +1200] "GET /images/nav/tab_left_middle.gif HTTP/1.1" 200 1020 "-" "Mozilla/5.0 (Macintosh; U; Intel Mac OS X 10_4_11; en) AppleWebKit/525.13 (KHTML, like Gecko) Version/3.1 Safari/5
proxy-435.dialup.xtra.co.nz - - [22/Apr/2009:10:52:51 +1200] "GET /images/nav/tab_left_middle.gif HTTP/1.1" 200 1020 "-" "Mozilla/5.0 (Macintosh; U; Intel Mac OS X 10_4_11; en) AppleWebKit/525.13 (KHTML, like Gecko) Version/3.1 Safari/5
proxy-435.dialup.xtra.co.nz - - [22/Apr/2009:10:52:51 +1200] "GET /images/nav/tab_left_middle.gif HTTP/1.1" 200 1020 "-" "Mozilla/5.0 (Macintosh; U; Intel Mac OS X 10_4_11; en) AppleWebKit/525.13 (KHTML, like Gecko) Version/3.1 Safari/5
proxy-435.dialup.xtra.co.nz - - [22/Apr/2009:10:52:51 +1200] "GET /images/nav/tab_left_middle.gif HTTP/1.1" 200 1020 "-" "Mozilla/5.0 (Macintosh; U; Intel Mac OS X 10_4_11; en) AppleWebKit/525.13 (KHTML, like Gecko) Version/3.1 Safari/5
proxy-435.dialup.xtra.co.nz - - [22/Apr/2009:10:52:51 +1200] "GET /images/nav/tab_left_middle.gif HTTP/1.1" 200 1020 "-" "Mozilla/5.0 (Macintosh; U; Intel Mac OS X 10_4_11; en) AppleWebKit/525.13 (KHTML, like Gecko) Version/3.1 Safari/5
proxy-435.dialup.xtra.co.nz - - [22/Apr/2009:10:52:51 +1200] "GET /images/nav/tab_left_middle.gif HTTP/1.1" 200 1020 "-" "Mozilla/5.0 (Macintosh; U; Intel Mac OS X 10_4_11; en) AppleWebKit/525.13 (KHTML, like Gecko) Version/3.1 Safari/5
proxy-435.dialup.xtra.co.nz - - [22/Apr/2009:10:52:51 +1200] "GET /images/nav/tab_left_middle.gif HTTP/1.1" 200 1020 "-" "Mozilla/5.0 (Macintosh; U; Intel Mac OS X 10_4_11; en) AppleWebKit/525.13 (KHTML, like Gecko) Version/3.1 Safari/5
proxy-435.dialup.xtra.co.nz - - [22/Apr/2009:10:52:51 +1200] "GET /images/nav/tab_left_middle.gif HTTP/1.1" 200 1020 "-" "Mozilla/5.0 (Macintosh; U; Intel Mac OS X 10_4_11; en) AppleWebKit/525.13 (KHTML, like Gecko) Version/3.1 Safari/5

proxy-435.dialup.xtra.co.nz - - [22/Apr/2009:11:52:51 +1200] "GET /images/nav/tab_left_middle.gif HTTP/1.1" 200 1020 "-" "Mozilla/5.0 (Macintosh; U; Intel Mac OS X 10_4_11; en) AppleWebKit/525.13 (KHTML, like Gecko) Version/3.1 Safari/5
proxy-435.dialup.xtra.co.nz - - [22/Apr/2009:11:52:51 +1200] "GET /images/nav/tab_left_middle.gif HTTP/1.1" 200 1020 "-" "Mozilla/5.0 (Macintosh; U; Intel Mac OS X 10_4_11; en) AppleWebKit/525.13 (KHTML, like Gecko) Version/3.1 Safari/5
proxy-435.dialup.xtra.co.nz - - [22/Apr/2009:11:52:51 +1200] "GET /images/nav/tab_left_middle.gif HTTP/1.1" 200 1020 "-" "Mozilla/5.0 (Macintosh; U; Intel Mac OS X 10_4_11; en) AppleWebKit/525.13 (KHTML, like Gecko) Version/3.1 Safari/5
proxy-435.dialup.xtra.co.nz - - [22/Apr/2009:11:52:51 +1200] "GET /images/nav/tab_left_middle.gif HTTP/1.1" 200 1020 "-" "Mozilla/5.0 (Macintosh; U; Intel Mac OS X 10_4_11; en) AppleWebKit/525.13 (KHTML, like Gecko) Version/3.1 Safari/5
proxy-435.dialup.xtra.co.nz - - [22/Apr/2009:11:52:51 +1200] "GET /images/nav/tab_left_middle.gif HTTP/1.1" 200 1020 "-" "Mozilla/5.0 (Macintosh; U; Intel Mac OS X 10_4_11; en) AppleWebKit/525.13 (KHTML, like Gecko) Version/3.1 Safari/5
proxy-435.dialup.xtra.co.nz - - [22/Apr/2009:11:52:51 +1200] "GET /images/nav/tab_left_middle.gif HTTP/1.1" 200 1020 "-" "Mozilla/5.0 (Macintosh; U; Intel Mac OS X 10_4_11; en) AppleWebKit/525.13 (KHTML, like Gecko) Version/3.1 Safari/5
proxy-435.dialup.xtra.co.nz - - [22/Apr/2009:11:52:51 +1200] "GET /images/nav/tab_left_middle.gif HTTP/1.1" 200 1020 "-" "Mozilla/5.0 (Macintosh; U; Intel Mac OS X 10_4_11; en) AppleWebKit/525.13 (KHTML, like Gecko) Version/3.1 Safari/5
proxy-435.dialup.xtra.co.nz - - [22/Apr/2009:11:52:51 +1200] "GET /images/nav/tab_left_middle.gif HTTP/1.1" 200 1020 "-" "Mozilla/5.0 (Macintosh; U; Intel Mac OS X 10_4_11; en) AppleWebKit/525.13 (KHTML, like Gecko) Version/3.1 Safari/5
proxy-435.dialup.xtra.co.nz - - [22/Apr/2009:11:52:51 +1200] "GET /images/nav/tab_left_middle.gif HTTP/1.1" 200 1020 "-" "Mozilla/5.0 (Macintosh; U; Intel Mac OS X 10_4_11; en) AppleWebKit/525.13 (KHTML, like Gecko) Version/3.1 Safari/5
proxy-435.dialup.xtra.co.nz - - [22/Apr/2009:11:52:51 +1200] "GET /images/nav/tab_left_middle.gif HTTP/1.1" 200 1020 "-" "Mozilla/5.0 (Macintosh; U; Intel Mac OS X 10_4_11; en) AppleWebKit/525.13 (KHTML, like Gecko) Version/3.1 Safari/5
proxy-435.dialup.xtra.co.nz - - [22/Apr/2009:11:52:51 +1200] "GET /images/nav/tab_left_middle.gif HTTP/1.1" 200 1020 "-" "Mozilla/5.0 (Macintosh; U; Intel Mac OS X 10_4_11; en) AppleWebKit/525.13 (KHTML, like Gecko) Version/3.1 Safari/5

proxy-435.dialup.xtra.co.nz - - [22/Apr/2009:12:52:51 +1200] "GET /images/nav/tab_left_middle.gif HTTP/1.1" 200 1020 "-" "Mozilla/5.0 (Macintosh; U; Intel Mac OS X 10_4_11; en) AppleWebKit/525.13 (KHTML, like Gecko) Version/3.1 Safari/5
proxy-435.dialup.xtra.co.nz - - [22/Apr/2009:12:52:51 +1200] "GET /images/nav/tab_left_middle.gif HTTP/1.1" 200 1020 "-" "Mozilla/5.0 (Macintosh; U; Intel Mac OS X 10_4_11; en) AppleWebKit/525.13 (KHTML, like Gecko) Version/3.1 Safari/5
proxy-435.dialup.xtra.co.nz - - [22/Apr/2009:12:52:51 +1200] "GET /images/nav/tab_left_middle.gif HTTP/1.1" 200 1020 "-" "Mozilla/5.0 (Macintosh; U; Intel Mac OS X 10_4_11; en) AppleWebKit/525.13 (KHTML, like Gecko) Version/3.1 Safari/5
proxy-435.dialup.xtra.co.nz - - [22/Apr/2009:12:52:51 +1200] "GET /images/nav/tab_left_middle.gif HTTP/1.1" 200 1020 "-" "Mozilla/5.0 (Macintosh; U; Intel Mac OS X 10_4_11; en) AppleWebKit/525.13 (KHTML, like Gecko) Version/3.1 Safari/5
proxy-435.dialup.xtra.co.nz - - [22/Apr/2009:12:52:51 +1200] "GET /images/nav/tab_left_middle.gif HTTP/1.1" 200 1020 "-" "Mozilla/5.0 (Macintosh; U; Intel Mac OS X 10_4_11; en) AppleWebKit/525.13 (KHTML, like Gecko) Version/3.1 Safari/5
proxy-435.dialup.xtra.co.nz - - [22/Apr/2009:12:52:51 +1200] "GET /images/nav/tab_left_middle.gif HTTP/1.1" 200 1020 "-" "Mozilla/5.0 (Macintosh; U; Intel Mac OS X 10_4_11; en) AppleWebKit/525.13 (KHTML, like Gecko) Version/3.1 Safari/5
proxy-435.dialup.xtra.co.nz - - [22/Apr/2009:12:52:51 +1200] "GET /images/nav/tab_left_middle.gif HTTP/1.1" 200 1020 "-" "Mozilla/5.0 (Macintosh; U; Intel Mac OS X 10_4_11; en) AppleWebKit/525.13 (KHTML, like Gecko) Version/3.1 Safari/5
proxy-435.dialup.xtra.co.nz - - [22/Apr/2009:12:52:51 +1200] "GET /images/nav/tab_left_middle.gif HTTP/1.1" 200 1020 "-" "Mozilla/5.0 (Macintosh; U; Intel Mac OS X 10_4_11; en) AppleWebKit/525.13 (KHTML, like Gecko) Version/3.1 Safari/5
proxy-435.dialup.xtra.co.nz - - [22/Apr/2009:12:52:51 +1200] "GET /images/nav/tab_left_middle.gif HTTP/1.1" 200 1020 "-" "Mozilla/5.0 (Macintosh; U; Intel Mac OS X 10_4_11; en) AppleWebKit/525.13 (KHTML, like Gecko) Version/3.1 Safari/5
proxy-435.dialup.xtra.co.nz - - [22/Apr/2009:12:52:51 +1200] "GET /images/nav/tab_left_middle.gif HTTP/1.1" 200 1020 "-" "Mozilla/5.0 (Macintosh; U; Intel Mac OS X 10_4_11; en) AppleWebKit/525.13 (KHTML, like Gecko) Version/3.1 Safari/5
proxy-435.dialup.xtra.co.nz - - [22/Apr/2009:12:52:51 +1200] "GET /images/nav/tab_left_middle.gif HTTP/1.1" 200 1020 "-" "Mozilla/5.0 (Macintosh; U; Intel Mac OS X 10_4_11; en) AppleWebKit/525.13 (KHTML, like Gecko) Version/3.1 Safari/5
proxy-435.dialup.xtra.co.nz - - [22/Apr/2009:12:52:51 +1200] "GET /images/nav/tab_left_middle.gif HTTP/1.1" 200 1020 "-" "Mozilla/5.0 (Macintosh; U; Intel Mac OS X 10_4_11; en) AppleWebKit/525.13 (KHTML, like Gecko) Version/3.1 Safari/5
proxy-435.dialup.xtra.co.nz - - [22/Apr/2009:12:52:51 +1200] "GET /images/nav/tab_left_middle.gif HTTP/1.1" 200 1020 "-" "Mozilla/5.0 (Macintosh; U; Intel Mac OS X 10_4_11; en) AppleWebKit/525.13 (KHTML, like Gecko) Version/3.1 Safari/5

proxy-435.dialup.xtra.co.nz - - [22/Apr/2009:13:52:51 +1200] "GET /images/nav/tab_left_middle.gif HTTP/1.1" 200 1020 "-" "Mozilla/5.0 (Macintosh; U; Intel Mac OS X 10_4_11; en) AppleWebKit/525.13 (KHTML, like Gecko) Version/3.1 Safari/5
proxy-435.dialup.xtra.co.nz - - [22/Apr/2009:13:52:51 +1200] "GET /images/nav/tab_left_middle.gif HTTP/1.1" 200 1020 "-" "Mozilla/5.0 (Macintosh; U; Intel Mac OS X 10_4_11; en) AppleWebKit/525.13 (KHTML, like Gecko) Version/3.1 Safari/5
proxy-435.dialup.xtra.co.nz - - [22/Apr/2009:13:52:51 +1200] "GET /images/nav/tab_left_middle.gif HTTP/1.1" 200 1020 "-" "Mozilla/5.0 (Macintosh; U; Intel Mac OS X 10_4_11; en) AppleWebKit/525.13 (KHTML, like Gecko) Version/3.1 Safari/5
proxy-435.dialup.xtra.co.nz - - [22/Apr/2009:13:52:51 +1200] "GET /images/nav/tab_left_middle.gif HTTP/1.1" 200 1020 "-" "Mozilla/5.0 (Macintosh; U; Intel Mac OS X 10_4_11; en) AppleWebKit/525.13 (KHTML, like Gecko) Version/3.1 Safari/5
proxy-435.dialup.xtra.co.nz - - [22/Apr/2009:13:52:51 +1200] "GET /images/nav/tab_left_middle.gif HTTP/1.1" 200 1020 "-" "Mozilla/5.0 (Macintosh; U; Intel Mac OS X 10_4_11; en) AppleWebKit/525.13 (KHTML, like Gecko) Version/3.1 Safari/5
proxy-435.dialup.xtra.co.nz - - [22/Apr/2009:13:52:51 +1200] "GET /images/nav/tab_left_middle.gif HTTP/1.1" 200 1020 "-" "Mozilla/5.0 (Macintosh; U; Intel Mac OS X 10_4_11; en) AppleWebKit/525.13 (KHTML, like Gecko) Version/3.1 Safari/5
proxy-435.dialup.xtra.co.nz - - [22/Apr/2009:13:52:51 +1200] "GET /images/nav/tab_left_middle.gif HTTP/1.1" 200 1020 "-" "Mozilla/5.0 (Macintosh; U; Intel Mac OS X 10_4_11; en) AppleWebKit/525.13 (KHTML, like Gecko) Version/3.1 Safari/5
proxy-435.dialup.xtra.co.nz - - [22/Apr/2009:13:52:51 +1200] "GET /images/nav/tab_left_middle.gif HTTP/1.1" 200 1020 "-" "Mozilla/5.0 (Macintosh; U; Intel Mac OS X 10_4_11; en) AppleWebKit/525.13 (KHTML, like Gecko) Version/3.1 Safari/5
proxy-435.dialup.xtra.co.nz - - [22/Apr/2009:13:52:51 +1200] "GET /images/nav/tab_left_middle.gif HTTP/1.1" 200 1020 "-" "Mozilla/5.0 (Macintosh; U; Intel Mac OS X 10_4_11; en) AppleWebKit/525.13 (KHTML, like Gecko) Version/3.1 Safari/5
proxy-435.dialup.xtra.co.nz - - [22/Apr/2009:13:52:51 +1200] "GET /images/nav/tab_left_middle.gif HTTP/1.1" 200 1020 "-" "Mozilla/5.0 (Macintosh; U; Intel Mac OS X 10_4_11; en) AppleWebKit/525.13 (KHTML, like Gecko) Version/3.1 Safari/5

proxy-435.dialup.xtra.co.nz - - [22/Apr/2009:14:52:51 +1200] "GET /images/nav/tab_left_middle.gif HTTP/1.1" 200 1020 "-" "Mozilla/5.0 (Macintosh; U; Intel Mac OS X 10_4_11; en) AppleWebKit/525.13 (KHTML, like Gecko) Version/3.1 Safari/5
proxy-435.dialup.xtra.co.nz - - [22/Apr/2009:14:52:51 +1200] "GET /images/nav/tab_left_middle.gif HTTP/1.1" 200 1020 "-" "Mozilla/5.0 (Macintosh; U; Intel Mac OS X 10_4_11; en) AppleWebKit/525.13 (KHTML, like Gecko) Version/3.1 Safari/5
proxy-435.dialup.xtra.co.nz - - [22/Apr/2009:14:52:51 +1200] "GET /images/nav/tab_left_middle.gif HTTP/1.1" 200 1020 "-" "Mozilla/5.0 (Macintosh; U; Intel Mac OS X 10_4_11; en) AppleWebKit/525.13 (KHTML, like Gecko) Version/3.1 Safari/5
proxy-435.dialup.xtra.co.nz - - [22/Apr/2009:14:52:51 +1200] "GET /images/nav/tab_left_middle.gif HTTP/1.1" 200 1020 "-" "Mozilla/5.0 (Macintosh; U; Intel Mac OS X 10_4_11; en) AppleWebKit/525.13 (KHTML, like Gecko) Version/3.1 Safari/5
proxy-435.dialup.xtra.co.nz - - [22/Apr/2009:14:52:51 +1200] "GET /images/nav/tab_left_middle.gif HTTP/1.1" 200 1020 "-" "Mozilla/5.0 (Macintosh; U; Intel Mac OS X 10_4_11; en) AppleWebKit/525.13 (KHTML, like Gecko) Version/3.1 Safari/5
proxy-435.dialup.xtra.co.nz - - [22/Apr/2009:14:52:51 +1200] "GET /images/nav/tab_left_middle.gif HTTP/1.1" 200 1020 "-" "Mozilla/5.0 (Macintosh; U; Intel Mac OS X 10_4_11; en) AppleWebKit/525.13 (KHTML, like Gecko) Version/3.1 Safari/5
proxy-435.dialup.xtra.co.nz - - [22/Apr/2009:14:52:51 +1200] "GET /images/nav/tab_left_middle.gif HTTP/1.1" 200 1020 "-" "Mozilla/5.0 (Macintosh; U; Intel Mac OS X 10_4_11; en) AppleWebKit/525.13 (KHTML, like Gecko) Version/3.1 Safari/5
proxy-435.dialup.xtra.co.nz - - [22/Apr/2009:14:52:51 +1200] "GET /images/nav/tab_left_middle.gif HTTP/1.1" 200 1020 "-" "Mozilla/5.0 (Macintosh; U; Intel Mac OS X 10_4_11; en) AppleWebKit/525.13 (KHTML, like Gecko) Version/3.1 Safari/5
proxy-435.dialup.xtra.co.nz - - [22/Apr/2009:14:52:51 +1200] "GET /images/nav/tab_left_middle.gif HTTP/1.1" 200 1020 "-" "Mozilla/5.0 (Macintosh; U; Intel Mac OS X 10_4_11; en) AppleWebKit/525.13 (KHTML, like Gecko) Version/3.1 Safari/5
proxy-435.dialup.xtra.co.nz - - [22/Apr/2009:14:52:51 +1200] "GET /images/nav/tab_left_middle.gif HTTP/1.1" 200 1020 "-" "Mozilla/5.0 (Macintosh; U; Intel Mac OS X 10_4_11; en) AppleWebKit/525.13 (KHTML, like Gecko) Version/3.1 Safari/5
proxy-435.dialup.xtra.co.nz - - [22/Apr/2009:14:52:51 +1200] "GET /images/nav/tab_left_middle.gif HTTP/1.1" 200 1020 "-" "Mozilla/5.0 (Macintosh; U; Intel Mac OS X 10_4_11; en) AppleWebKit/525.13 (KHTML, like Gecko) Version/3.1 Safari/5
proxy-435.dialup.xtra.co.nz - - [22/Apr/2009:14:52:51 +1200] "GET /images/nav/tab_left_middle.gif HTTP/1.1" 200 1020 "-" "Mozilla/5.0 (Macintosh; U; Intel Mac OS X 10_4_11; en) AppleWebKit/525.13 (KHTML, like Gecko) Version/3.1 Safari/5
proxy-435.dialup.xtra.co.nz - - [22/Apr/2009:14:52:51 +1200] "GET /images/nav/tab_left_middle.gif HTTP/1.1" 200 1020 "-" "Mozilla/5.0 (Macintosh; U; Intel Mac OS X 10_4_11; en) AppleWebKit/525.13 (KHTML, like Gecko) Version/3.1 Safari/5
proxy-435.dialup.xtra.co.nz - - [22/Apr/2009:14:52:51 +1200] "GET /images/nav/tab_left_middle.gif HTTP/1.1" 200 1020 "-" "Mozilla/5.0 (Macintosh; U; Intel Mac OS X 10_4_11; en) AppleWebKit/525.13 (KHTML, like Gecko) Version/3.1 Safari/5
proxy-435.dialup.xtra.co.nz - - [22/Apr/2009:14:52:51 +1200] "GET /images/nav/tab_left_middle.gif HTTP/1.1" 200 1020 "-" "Mozilla/5.0 (Macintosh; U; Intel Mac OS X 10_4_11; en) AppleWebKit/525.13 (KHTML, like Gecko) Version/3.1 Safari/5

proxy-435.dialup.xtra.co.nz - - [22/Apr/2009:15:52:51 +1200] "GET /images/nav/tab_left_middle.gif HTTP/1.1" 200 1020 "-" "Mozilla/5.0 (Macintosh; U; Intel Mac OS X 10_4_11; en) AppleWebKit/525.13 (KHTML, like Gecko) Version/3.1 Safari/5
proxy-435.dialup.xtra.co.nz - - [22/Apr/2009:15:52:51 +1200] "GET /images/nav/tab_left_middle.gif HTTP/1.1" 200 1020 "-" "Mozilla/5.0 (Macintosh; U; Intel Mac OS X 10_4_11; en) AppleWebKit/525.13 (KHTML, like Gecko) Version/3.1 Safari/5
proxy-435.dialup.xtra.co.nz - - [22/Apr/2009:15:52:51 +1200] "GET /images/nav/tab_left_middle.gif HTTP/1.1" 200 1020 "-" "Mozilla/5.0 (Macintosh; U; Intel Mac OS X 10_4_11; en) AppleWebKit/525.13 (KHTML, like Gecko) Version/3.1 Safari/5
proxy-435.dialup.xtra.co.nz - - [22/Apr/2009:15:52:51 +1200] "GET /images/nav/tab_left_middle.gif HTTP/1.1" 200 1020 "-" "Mozilla/5.0 (Macintosh; U; Intel Mac OS X 10_4_11; en) AppleWebKit/525.13 (KHTML, like Gecko) Version/3.1 Safari/5
proxy-435.dialup.xtra.co.nz - - [22/Apr/2009:15:52:51 +1200] "GET /images/nav/tab_left_middle.gif HTTP/1.1" 200 1020 "-" "Mozilla/5.0 (Macintosh; U; Intel Mac OS X 10_4_11; en) AppleWebKit/525.13 (KHTML, like Gecko) Version/3.1 Safari/5
proxy-435.dialup.xtra.co.nz - - [22/Apr/2009:15:52:51 +1200] "GET /images/nav/tab_left_middle.gif HTTP/1.1" 200 1020 "-" "Mozilla/5.0 (Macintosh; U; Intel Mac OS X 10_4_11; en) AppleWebKit/525.13 (KHTML, like Gecko) Version/3.1 Safari/5
proxy-435.dialup.xtra.co.nz - - [22/Apr/2009:15:52:51 +1200] "GET /images/nav/tab_left_middle.gif HTTP/1.1" 200 1020 "-" "Mozilla/5.0 (Macintosh; U; Intel Mac OS X 10_4_11; en) AppleWebKit/525.13 (KHTML, like Gecko) Version/3.1 Safari/5

proxy-435.dialup.xtra.co.nz - - [22/Apr/2009:16:52:51 +1200] "GET /images/nav/tab_left_middle.gif HTTP/1.1" 200 1020 "-" "Mozilla/5.0 (Macintosh; U; Intel Mac OS X 10_4_11; en) AppleWebKit/525.13 (KHTML, like Gecko) Version/3.1 Safari/5
proxy-435.dialup.xtra.co.nz - - [22/Apr/2009:16:52:51 +1200] "GET /images/nav/tab_left_middle.gif HTTP/1.1" 200 1020 "-" "Mozilla/5.0 (Macintosh; U; Intel Mac OS X 10_4_11; en) AppleWebKit/525.13 (KHTML, like Gecko) Version/3.1 Safari/5
proxy-435.dialup.xtra.co.nz - - [22/Apr/2009:16:52:51 +1200] "GET /images/nav/tab_left_middle.gif HTTP/1.1" 200 1020 "-" "Mozilla/5.0 (Macintosh; U; Intel Mac OS X 10_4_11; en) AppleWebKit/525.13 (KHTML, like Gecko) Version/3.1 Safari/5
proxy-435.dialup.xtra.co.nz - - [22/Apr/2009:16:52:51 +1200] "GET /images/nav/tab_left_middle.gif HTTP/1.1" 200 1020 "-" "Mozilla/5.0 (Macintosh; U; Intel Mac OS X 10_4_11; en) AppleWebKit/525.13 (KHTML, like Gecko) Version/3.1 Safari/5
proxy-435.dialup.xtra.co.nz - - [22/Apr/2009:16:52:51 +1200] "GET /images/nav/tab_left_middle.gif HTTP/1.1" 200 1020 "-" "Mozilla/5.0 (Macintosh; U; Intel Mac OS X 10_4_11; en) AppleWebKit/525.13 (KHTML, like Gecko) Version/3.1 Safari/5
proxy-435.dialup.xtra.co.nz - - [22/Apr/2009:16:52:51 +1200] "GET /images/nav/tab_left_middle.gif HTTP/1.1" 200 1020 "-" "Mozilla/5.0 (Macintosh; U; Intel Mac OS X 10_4_11; en) AppleWebKit/525.13 (KHTML, like Gecko) Version/3.1 Safari/5
proxy-435.dialup.xtra.co.nz - - [22/Apr/2009:16:52:51 +1200] "GET /images/nav/tab_left_middle.gif HTTP/1.1" 200 1020 "-" "Mozilla/5.0 (Macintosh; U; Intel Mac OS X 10_4_11; en) AppleWebKit/525.13 (KHTML, like Gecko) Version/3.1 Safari/5

proxy-435.dialup.xtra.co.nz - - [22/Apr/2009:17:52:51 +1200] "GET /images/nav/tab_left_middle.gif HTTP/1.1" 200 1020 "-" "Mozilla/5.0 (Macintosh; U; Intel Mac OS X 10_4_11; en) AppleWebKit/525.13 (KHTML, like Gecko) Version/3.1 Safari/5
proxy-435.dialup.xtra.co.nz - - [22/Apr/2009:17:52:51 +1200] "GET /images/nav/tab_left_middle.gif HTTP/1.1" 200 1020 "-" "Mozilla/5.0 (Macintosh; U; Intel Mac OS X 10_4_11; en) AppleWebKit/525.13 (KHTML, like Gecko) Version/3.1 Safari/5
proxy-435.dialup.xtra.co.nz - - [22/Apr/2009:17:52:51 +1200] "GET /images/nav/tab_left_middle.gif HTTP/1.1" 200 1020 "-" "Mozilla/5.0 (Macintosh; U; Intel Mac OS X 10_4_11; en) AppleWebKit/525.13 (KHTML, like Gecko) Version/3.1 Safari/5
proxy-435.dialup.xtra.co.nz - - [22/Apr/2009:17:52:51 +1200] "GET /images/nav/tab_left_middle.gif HTTP/1.1" 200 1020 "-" "Mozilla/5.0 (Macintosh; U; Intel Mac OS X 10_4_11; en) AppleWebKit/525.13 (KHTML, like Gecko) Version/3.1 Safari/5
proxy-435.dialup.xtra.co.nz - - [22/Apr/2009:17:52:51 +1200] "GET /images/nav/tab_left_middle.gif HTTP/1.1" 200 1020 "-" "Mozilla/5.0 (Macintosh; U; Intel Mac OS X 10_4_11; en) AppleWebKit/525.13 (KHTML, like Gecko) Version/3.1 Safari/5
proxy-435.dialup.xtra.co.nz - - [22/Apr/2009:17:52:51 +1200] "GET /images/nav/tab_left_middle.gif HTTP/1.1" 200 1020 "-" "Mozilla/5.0 (Macintosh; U; Intel Mac OS X 10_4_11; en) AppleWebKit/525.13 (KHTML, like Gecko) Version/3.1 Safari/5
proxy-435.dialup.xtra.co.nz - - [22/Apr/2009:17:52:51 +1200] "GET /images/nav/tab_left_middle.gif HTTP/1.1" 200 1020 "-" "Mozilla/5.0 (Macintosh; U; Intel Mac OS X 10_4_11; en) AppleWebKit/525.13 (KHTML, like Gecko) Version/3.1 Safari/5
proxy-435.dialup.xtra.co.nz - - [22/Apr/2009:17:52:51 +1200] "GET /images/nav/tab_left_middle.gif HTTP/1.1" 200 1020 "-" "Mozilla/5.0 (Macintosh; U; Intel Mac OS X 10_4_11; en) AppleWebKit/525.13 (KHTML, like Gecko) Version/3.1 Safari/5
proxy-435.dialup.xtra.co.nz - - [22/Apr/2009:17:52:51 +1200] "GET /images/nav/tab_left_middle.gif HTTP/1.1" 200 1020 "-" "Mozilla/5.0 (Macintosh; U; Intel Mac OS X 10_4_11; en) AppleWebKit/525.13 (KHTML, like Gecko) Version/3.1 Safari/5
proxy-435.dialup.xtra.co.nz - - [22/Apr/2009:17:52:51 +1200] "GET /images/nav/tab_left_middle.gif HTTP/1.1" 200 1020 "-" "Mozilla/5.0 (Macintosh; U; Intel Mac OS X 10_4_11; en) AppleWebKit/525.13 (KHTML, like Gecko) Version/3.1 Safari/5

proxy-435.dialup.xtra.co.nz - - [22/Apr/2009:18:52:51 +1200] "GET /images/nav/tab_left_middle.gif HTTP/1.1" 200 1020 "-" "Mozilla/5.0 (Macintosh; U; Intel Mac OS X 10_4_11; en) AppleWebKit/525.13 (KHTML, like Gecko) Version/3.1 Safari/5
proxy-435.dialup.xtra.co.nz - - [22/Apr/2009:18:52:51 +1200] "GET /images/nav/tab_left_middle.gif HTTP/1.1" 200 1020 "-" "Mozilla/5.0 (Macintosh; U; Intel Mac OS X 10_4_11; en) AppleWebKit/525.13 (KHTML, like Gecko) Version/3.1 Safari/5
proxy-435.dialup.xtra.co.nz - - [22/Apr/2009:18:52:51 +1200] "GET /images/nav/tab_left_middle.gif HTTP/1.1" 200 1020 "-" "Mozilla/5.0 (Macintosh; U; Intel Mac OS X 10_4_11; en) AppleWebKit/525.13 (KHTML, like Gecko) Version/3.1 Safari/5
proxy-435.dialup.xtra.co.nz - - [22/Apr/2009:18:52:51 +1200] "GET /images/nav/tab_left_middle.gif HTTP/1.1" 200 1020 "-" "Mozilla/5.0 (Macintosh; U; Intel Mac OS X 10_4_11; en) AppleWebKit/525.13 (KHTML, like Gecko) Version/3.1 Safari/5
proxy-435.dialup.xtra.co.nz - - [22/Apr/2009:18:52:51 +1200] "GET /images/nav/tab_left_middle.gif HTTP/1.1" 200 1020 "-" "Mozilla/5.0 (Macintosh; U; Intel Mac OS X 10_4_11; en) AppleWebKit/525.13 (KHTML, like Gecko) Version/3.1 Safari/5
proxy-435.dialup.xtra.co.nz - - [22/Apr/2009:18:52:51 +1200] "GET /images/nav/tab_left_middle.gif HTTP/1.1" 200 1020 "-" "Mozilla/5.0 (Macintosh; U; Intel Mac OS X 10_4_11; en) AppleWebKit/525.13 (KHTML, like Gecko) Version/3.1 Safari/5
proxy-435.dialup.xtra.co.nz - - [22/Apr/2009:18:52:51 +1200] "GET /images/nav/tab_left_middle.gif HTTP/1.1" 200 1020 "-" "Mozilla/5.0 (Macintosh; U; Intel Mac OS X 10_4_11; en) AppleWebKit/525.13 (KHTML, like Gecko) Version/3.1 Safari/5
proxy-435.dialup.xtra.co.nz - - [22/Apr/2009:18:52:51 +1200] "GET /images/nav/tab_left_middle.gif HTTP/1.1" 200 1020 "-" "Mozilla/5.0 (Macintosh; U; Intel Mac OS X 10_4_11; en) AppleWebKit/525.13 (KHTML, like Gecko) Version/3.1 Safari/5
proxy-435.dialup.xtra.co.nz - - [22/Apr/2009:18:52:51 +1200] "GET /images/nav/tab_left_middle.gif HTTP/1.1" 200 1020 "-" "Mozilla/5.0 (Macintosh; U; Intel Mac OS X 10_4_11; en) AppleWebKit/525.13 (KHTML, like Gecko) Version/3.1 Safari/5
proxy-435.dialup.xtra.co.nz - - [22/Apr/2009:18:52:51 +1200] "GET /images/nav/tab_left_middle.gif HTTP/1.1" 200 1020 "-" "Mozilla/5.0 (Macintosh; U; Intel Mac OS X 10_4_11; en) AppleWebKit/525.13 (KHTML, like Gecko) Version/3.1 Safari/5
proxy-435.dialup.xtra.co.nz - - [22/Apr/2009:18:52:51 +1200] "GET /images/nav/tab_left_middle.gif HTTP/1.1" 200 1020 "-" "Mozilla/5.0 (Macintosh; U; Intel Mac OS X 10_4_11; en) AppleWebKit/525.13 (KHTML, like Gecko) Version/3.1 Safari/5
proxy-435.dialup.xtra.co.nz - - [22/Apr/2009:18:52:51 +1200] "GET /images/nav/tab_left_middle.gif HTTP/1.1" 200 1020 "-" "Mozilla/5.0 (Macintosh; U; Intel Mac OS X 10_4_11; en) AppleWebKit/525.13 (KHTML, like Gecko) Version/3.1 Safari/5
proxy-435.dialup.xtra.co.nz - - [22/Apr/2009:18:52:51 +1200] "GET /images/nav/tab_left_middle.gif HTTP/1.1" 200 1020 "-" "Mozilla/5.0 (Macintosh; U; Intel Mac OS X 10_4_11; en) AppleWebKit/525.13 (KHTML, like Gecko) Version/3.1 Safari/5
proxy-435.dialup.xtra.co.nz - - [22/Apr/2009:18:52:51 +1200] "GET /images/nav/tab_left_middle.gif HTTP/1.1" 200 1020 "-" "Mozilla/5.0 (Macintosh; U; Intel Mac OS X 10_4_11; en) AppleWebKit/525.13 (KHTML, like Gecko) Version/3.1 Safari/5
proxy-435.dialup.xtra.co.nz - - [22/Apr/2009:18:52:51 +1200] "GET /images/nav/tab_left_middle.gif HTTP/1.1" 200 1020 "-" "Mozilla/5.0 (Macintosh; U; Intel Mac OS X 10_4_11; en) AppleWebKit/525.13 (KHTML, like Gecko) Version/3.1 Safari/5
proxy-435.dialup.xtra.co.nz - - [22/Apr/2009:18:52:51 +1200] "GET /images/nav/tab_left_middle.gif HTTP/1.1" 200 1020 "-" "Mozilla/5.0 (Macintosh; U; Intel Mac OS X 10_4_11; en) AppleWebKit/525.13 (KHTML, like Gecko) Version/3.1 Safari/5
proxy-435.dialup.xtra.co.nz - - [22/Apr/2009:18:52:51 +1200] "GET /images/nav/tab_left_middle.gif HTTP/1.1" 200 1020 "-" "Mozilla/5.0 (Macintosh; U; Intel Mac OS X 10_4_11; en) AppleWebKit/525.13 (KHTML, like Gecko) Version/3.1 Safari/5

proxy-435.dialup.xtra.co.nz - - [22/Apr/2009:19:52:51 +1200] "GET /images/nav/tab_left_middle.gif HTTP/1.1" 200 1020 "-" "Mozilla/5.0 (Macintosh; U; Intel Mac OS X 10_4_11; en) AppleWebKit/525.13 (KHTML, like Gecko) Version/3.1 Safari/5
proxy-435.dialup.xtra.co.nz - - [22/Apr/2009:19:52:51 +1200] "GET /images/nav/tab_left_middle.gif HTTP/1.1" 200 1020 "-" "Mozilla/5.0 (Macintosh; U; Intel Mac OS X 10_4_11; en) AppleWebKit/525.13 (KHTML, like Gecko) Version/3.1 Safari/5
proxy-435.dialup.xtra.co.nz - - [22/Apr/2009:19:52:51 +1200] "GET /images/nav/tab_left_middle.gif HTTP/1.1" 200 1020 "-" "Mozilla/5.0 (Macintosh; U; Intel Mac OS X 10_4_11; en) AppleWebKit/525.13 (KHTML, like Gecko) Version/3.1 Safari/5
proxy-435.dialup.xtra.co.nz - - [22/Apr/2009:19:52:51 +1200] "GET /images/nav/tab_left_middle.gif HTTP/1.1" 200 1020 "-" "Mozilla/5.0 (Macintosh; U; Intel Mac OS X 10_4_11; en) AppleWebKit/525.13 (KHTML, like Gecko) Version/3.1 Safari/5
proxy-435.dialup.xtra.co.nz - - [22/Apr/2009:19:52:51 +1200] "GET /images/nav/tab_left_middle.gif HTTP/1.1" 200 1020 "-" "Mozilla/5.0 (Macintosh; U; Intel Mac OS X 10_4_11; en) AppleWebKit/525.13 (KHTML, like Gecko) Version/3.1 Safari/5
proxy-435.dialup.xtra.co.nz - - [22/Apr/2009:19:52:51 +1200] "GET /images/nav/tab_left_middle.gif HTTP/1.1" 200 1020 "-" "Mozilla/5.0 (Macintosh; U; Intel Mac OS X 10_4_11; en) AppleWebKit/525.13 (KHTML, like Gecko) Version/3.1 Safari/5
proxy-435.dialup.xtra.co.nz - - [22/Apr/2009:19:52:51 +1200] "GET /images/nav/tab_left_middle.gif HTTP/1.1" 200 1020 "-" "Mozilla/5.0 (Macintosh; U; Intel Mac OS X 10_4_11; en) AppleWebKit/525.13 (KHTML, like Gecko) Version/3.1 Safari/5
proxy-435.dialup.xtra.co.nz - - [22/Apr/2009:19:52:51 +1200] "GET /images/nav/tab_left_middle.gif HTTP/1.1" 200 1020 "-" "Mozilla/5.0 (Macintosh; U; Intel Mac OS X 10_4_11; en) AppleWebKit/525.13 (KHTML, like Gecko) Version/3.1 Safari/5
proxy-435.dialup.xtra.co.nz - - [22/Apr/2009:19:52:51 +1200] "GET /images/nav/tab_left_middle.gif HTTP/1.1" 200 1020 "-" "Mozilla/5.0 (Macintosh; U; Intel Mac OS X 10_4_11; en) AppleWebKit/525.13 (KHTML, like Gecko) Version/3.1 Safari/5
proxy-435.dialup.xtra.co.nz - - [22/Apr/2009:19:52:51 +1200] "GET /images/nav/tab_left_middle.gif HTTP/1.1" 200 1020 "-" "Mozilla/5.0 (Macintosh; U; Intel Mac OS X 10_4_11; en) AppleWebKit/525.13 (KHTML, like Gecko) Version/3.1 Safari/5
proxy-435.dialup.xtra.co.nz - - [22/Apr/2009:19:52:51 +1200] "GET /images/nav/tab_left_middle.gif HTTP/1.1" 200 1020 "-" "Mozilla/5.0 (Macintosh; U; Intel Mac OS X 10_4_11; en) AppleWebKit/525.13 (KHTML, like Gecko) Version/3.1 Safari/5
proxy-435.dialup.xtra.co.nz - - [22/Apr/2009:19:52:51 +1200] "GET /images/nav/tab_left_middle.gif HTTP/1.1" 200 1020 "-" "Mozilla/5.0 (Macintosh; U; Intel Mac OS X 10_4_11; en) AppleWebKit/525.13 (KHTML, like Gecko) Version/3.1 Safari/5
proxy-435.dialup.xtra.co.nz - - [22/Apr/2009:19:52:51 +1200] "GET /images/nav/tab_left_middle.gif HTTP/1.1" 200 1020 "-" "Mozilla/5.0 (Macintosh; U; Intel Mac OS X 10_4_11; en) AppleWebKit/525.13 (KHTML, like Gecko) Version/3.1 Safari/5
proxy-435.dialup.xtra.co.nz - - [22/Apr/2009:19:52:51 +1200] "GET /images/nav/tab_left_middle.gif HTTP/1.1" 200 1020 "-" "Mozilla/5.0 (Macintosh; U; Intel Mac OS X 10_4_11; en) AppleWebKit/525.13 (KHTML, like Gecko) Version/3.1 Safari/5

proxy-435.dialup.xtra.co.nz - - [22/Apr/2009:20:52:51 +1200] "GET /images/nav/tab_left_middle.gif HTTP/1.1" 200 1020 "-" "Mozilla/5.0 (Macintosh; U; Intel Mac OS X 10_4_11; en) AppleWebKit/525.13 (KHTML, like Gecko) Version/3.1 Safari/5
proxy-435.dialup.xtra.co.nz - - [22/Apr/2009:20:52:51 +1200] "GET /images/nav/tab_left_middle.gif HTTP/1.1" 200 1020 "-" "Mozilla/5.0 (Macintosh; U; Intel Mac OS X 10_4_11; en) AppleWebKit/525.13 (KHTML, like Gecko) Version/3.1 Safari/5
proxy-435.dialup.xtra.co.nz - - [22/Apr/2009:20:52:51 +1200] "GET /images/nav/tab_left_middle.gif HTTP/1.1" 200 1020 "-" "Mozilla/5.0 (Macintosh; U; Intel Mac OS X 10_4_11; en) AppleWebKit/525.13 (KHTML, like Gecko) Version/3.1 Safari/5
proxy-435.dialup.xtra.co.nz - - [22/Apr/2009:20:52:51 +1200] "GET /images/nav/tab_left_middle.gif HTTP/1.1" 200 1020 "-" "Mozilla/5.0 (Macintosh; U; Intel Mac OS X 10_4_11; en) AppleWebKit/525.13 (KHTML, like Gecko) Version/3.1 Safari/5
proxy-435.dialup.xtra.co.nz - - [22/Apr/2009:20:52:51 +1200] "GET /images/nav/tab_left_middle.gif HTTP/1.1" 200 1020 "-" "Mozilla/5.0 (Macintosh; U; Intel Mac OS X 10_4_11; en) AppleWebKit/525.13 (KHTML, like Gecko) Version/3.1 Safari/5
proxy-435.dialup.xtra.co.nz - - [22/Apr/2009:20:52:51 +1200] "GET /images/nav/tab_left_middle.gif HTTP/1.1" 200 1020 "-" "Mozilla/5.0 (Macintosh; U; Intel Mac OS X 10_4_11; en) AppleWebKit/525.13 (KHTML, like Gecko) Version/3.1 Safari/5
proxy-435.dialup.xtra.co.nz - - [22/Apr/2009:20:52:51 +1200] "GET /images/nav/tab_left_middle.gif HTTP/1.1" 200 1020 "-" "Mozilla/5.0 (Macintosh; U; Intel Mac OS X 10_4_11; en) AppleWebKit/525.13 (KHTML, like Gecko) Version/3.1 Safari/5
proxy-435.dialup.xtra.co.nz - - [22/Apr/2009:20:52:51 +1200] "GET /images/nav/tab_left_middle.gif HTTP/1.1" 200 1020 "-" "Mozilla/5.0 (Macintosh; U; Intel Mac OS X 10_4_11; en) AppleWebKit/525.13 (KHTML, like Gecko) Version/3.1 Safari/5
proxy-435.dialup.xtra.co.nz - - [22/Apr/2009:20:52:51 +1200] "GET /images/nav/tab_left_middle.gif HTTP/1.1" 200 1020 "-" "Mozilla/5.0 (Macintosh; U; Intel Mac OS X 10_4_11; en) AppleWebKit/525.13 (KHTML, like Gecko) Version/3.1 Safari/5
proxy-435.dialup.xtra.co.nz - - [22/Apr/2009:20:52:51 +1200] "GET /images/nav/tab_left_middle.gif HTTP/1.1" 200 1020 "-" "Mozilla/5.0 (Macintosh; U; Intel Mac OS X 10_4_11; en) AppleWebKit/525.13 (KHTML, like Gecko) Version/3.1 Safari/5
proxy-435.dialup.xtra.co.nz - - [22/Apr/2009:20:52:51 +1200] "GET /images/nav/tab_left_middle.gif HTTP/1.1" 200 1020 "-" "Mozilla/5.0 (Macintosh; U; Intel Mac OS X 10_4_11; en) AppleWebKit/525.13 (KHTML, like Gecko) Version/3.1 Safari/5

proxy-435.dialup.xtra.co.nz - - [22/Apr/2009:21:52:51 +1200] "GET /images/nav/tab_left_middle.gif HTTP/1.1" 200 1020 "-" "Mozilla/5.0 (Macintosh; U; Intel Mac OS X 10_4_11; en) AppleWebKit/525.13 (KHTML, like Gecko) Version/3.1 Safari/5
proxy-435.dialup.xtra.co.nz - - [22/Apr/2009:21:52:51 +1200] "GET /images/nav/tab_left_middle.gif HTTP/1.1" 200 1020 "-" "Mozilla/5.0 (Macintosh; U; Intel Mac OS X 10_4_11; en) AppleWebKit/525.13 (KHTML, like Gecko) Version/3.1 Safari/5
proxy-435.dialup.xtra.co.nz - - [22/Apr/2009:21:52:51 +1200] "GET /images/nav/tab_left_middle.gif HTTP/1.1" 200 1020 "-" "Mozilla/5.0 (Macintosh; U; Intel Mac OS X 10_4_11; en) AppleWebKit/525.13 (KHTML, like Gecko) Version/3.1 Safari/5
proxy-435.dialup.xtra.co.nz - - [22/Apr/2009:21:52:51 +1200] "GET /images/nav/tab_left_middle.gif HTTP/1.1" 200 1020 "-" "Mozilla/5.0 (Macintosh; U; Intel Mac OS X 10_4_11; en) AppleWebKit/525.13 (KHTML, like Gecko) Version/3.1 Safari/5
proxy-435.dialup.xtra.co.nz - - [22/Apr/2009:21:52:51 +1200] "GET /images/nav/tab_left_middle.gif HTTP/1.1" 200 1020 "-" "Mozilla/5.0 (Macintosh; U; Intel Mac OS X 10_4_11; en) AppleWebKit/525.13 (KHTML, like Gecko) Version/3.1 Safari/5
proxy-435.dialup.xtra.co.nz - - [22/Apr/2009:21:52:51 +1200] "GET /images/nav/tab_left_middle.gif HTTP/1.1" 200 1020 "-" "Mozilla/5.0 (Macintosh; U; Intel Mac OS X 10_4_11; en) AppleWebKit/525.13 (KHTML, like Gecko) Version/3.1 Safari/5
proxy-435.dialup.xtra.co.nz - - [22/Apr/2009:21:52:51 +1200] "GET /images/nav/tab_left_middle.gif HTTP/1.1" 200 1020 "-" "Mozilla/5.0 (Macintosh; U; Intel Mac OS X 10_4_11; en) AppleWebKit/525.13 (KHTML, like Gecko) Version/3.1 Safari/5
proxy-435.dialup.xtra.co.nz - - [22/Apr/2009:21:52:51 +1200] "GET /images/nav/tab_left_middle.gif HTTP/1.1" 200 1020 "-" "Mozilla/5.0 (Macintosh; U; Intel Mac OS X 10_4_11; en) AppleWebKit/525.13 (KHTML, like Gecko) Version/3.1 Safari/5

proxy-435.dialup.xtra.co.nz - - [22/Apr/2009:22:52:51 +1200] "GET /images/nav/tab_left_middle.gif HTTP/1.1" 200 1020 "-" "Mozilla/5.0 (Macintosh; U; Intel Mac OS X 10_4_11; en) AppleWebKit/525.13 (KHTML, like Gecko) Version/3.1 Safari/5
proxy-435.dialup.xtra.co.nz - - [22/Apr/2009:22:52:51 +1200] "GET /images/nav/tab_left_middle.gif HTTP/1.1" 200 1020 "-" "Mozilla/5.0 (Macintosh; U; Intel Mac OS X 10_4_11; en) AppleWebKit/525.13 (KHTML, like Gecko) Version/3.1 Safari/5
proxy-435.dialup.xtra.co.nz - - [22/Apr/2009:22:52:51 +1200] "GET /images/nav/tab_left_middle.gif HTTP/1.1" 200 1020 "-" "Mozilla/5.0 (Macintosh; U; Intel Mac OS X 10_4_11; en) AppleWebKit/525.13 (KHTML, like Gecko) Version/3.1 Safari/5
proxy-435.dialup.xtra.co.nz - - [22/Apr/2009:22:52:51 +1200] "GET /images/nav/tab_left_middle.gif HTTP/1.1" 200 1020 "-" "Mozilla/5.0 (Macintosh; U; Intel Mac OS X 10_4_11; en) AppleWebKit/525.13 (KHTML, like Gecko) Version/3.1 Safari/5
proxy-435.dialup.xtra.co.nz - - [22/Apr/2009:22:52:51 +1200] "GET /images/nav/tab_left_middle.gif HTTP/1.1" 200 1020 "-" "Mozilla/5.0 (Macintosh; U; Intel Mac OS X 10_4_11; en) AppleWebKit/525.13 (KHTML, like Gecko) Version/3.1 Safari/5
proxy-435.dialup.xtra.co.nz - - [22/Apr/2009:22:52:51 +1200] "GET /images/nav/tab_left_middle.gif HTTP/1.1" 200 1020 "-" "Mozilla/5.0 (Macintosh; U; Intel Mac OS X 10_4_11; en) AppleWebKit/525.13 (KHTML, like Gecko) Version/3.1 Safari/5

proxy-435.dialup.xtra.co.nz - - [22/Apr/2009:23:52:51 +1200] "GET /images/nav/tab_left_middle.gif HTTP/1.1" 200 1020 "-" "Mozilla/5.0 (Macintosh; U; Intel Mac OS X 10_4_11; en) AppleWebKit/525.13 (KHTML, like Gecko) Version/3.1 Safari/5
proxy-435.dialup.xtra.co.nz - - [22/Apr/2009:23:52:51 +1200] "GET /images/nav/tab_left_middle.gif HTTP/1.1" 200 1020 "-" "Mozilla/5.0 (Macintosh; U; Intel Mac OS X 10_4_11; en) AppleWebKit/525.13 (KHTML, like Gecko) Version/3.1 Safari/5
proxy-435.dialup.xtra.co.nz - - [22/Apr/2009:23:52:51 +1200] "GET /images/nav/tab_left_middle.gif HTTP/1.1" 200 1020 "-" "Mozilla/5.0 (Macintosh; U; Intel Mac OS X 10_4_11; en) AppleWebKit/525.13 (KHTML, like Gecko) Version/3.1 Safari/5
proxy-435.dialup.xtra.co.nz - - [22/Apr/2009:23:52:51 +1200] "GET /images/nav/tab_left_middle.gif HTTP/1.1" 200 1020 "-" "Mozilla/5.0 (Macintosh; U; Intel Mac OS X 10_4_11; en) AppleWebKit/525.13 (KHTML, like Gecko) Version/3.1 Safari/5
proxy-435.dialup.xtra.co.nz - - [22/Apr/2009:23:52:51 +1200] "GET /images/nav/tab_left_middle.gif HTTP/1.1" 200 1020 "-" "Mozilla/5.0 (Macintosh; U; Intel Mac OS X 10_4_11; en) AppleWebKit/525.13 (KHTML, like Gecko) Version/3.1 Safari/5
proxy-435.dialup.xtra.co.nz - - [22/Apr/2009:23:52:51 +1200] "GET /images/nav/tab_left_middle.gif HTTP/1.1" 200 1020 "-" "Mozilla/5.0 (Macintosh; U; Intel Mac OS X 10_4_11; en) AppleWebKit/525.13 (KHTML, like Gecko) Version/3.1 Safari/5





